2025-06-12 09:00:19 info: Starting Zendit offers fetch
2025-06-12 09:00:19 info: Will execute requests until all offers are fetched (dynamic mode)
2025-06-12 09:00:19 info: Executing request #1 (offset: 0, limit: 1024)
2025-06-12 09:00:21 info: ✅ Request 1 successful - 1024 offers found - Data saved to /Volumes/AVODA/devit/mern/urecharge/offers/scripts/dataJson/offers1.json
2025-06-12 09:00:22 info: Executing request #2 (offset: 1024, limit: 1024)
2025-06-12 09:00:23 info: ✅ Request 2 successful - 1024 offers found - Data saved to /Volumes/AVODA/devit/mern/urecharge/offers/scripts/dataJson/offers2.json
2025-06-12 09:00:24 info: Executing request #3 (offset: 2048, limit: 1024)
2025-06-12 09:00:25 info: ✅ Request 3 successful - 1024 offers found - Data saved to /Volumes/AVODA/devit/mern/urecharge/offers/scripts/dataJson/offers3.json
2025-06-12 09:00:26 info: Executing request #4 (offset: 3072, limit: 1024)
2025-06-12 09:00:27 info: ✅ Request 4 successful - 1024 offers found - Data saved to /Volumes/AVODA/devit/mern/urecharge/offers/scripts/dataJson/offers4.json
2025-06-12 09:00:28 info: Executing request #5 (offset: 4096, limit: 1024)
2025-06-12 09:00:29 info: ✅ Request 5 successful - 1024 offers found - Data saved to /Volumes/AVODA/devit/mern/urecharge/offers/scripts/dataJson/offers5.json
2025-06-12 09:00:30 info: Executing request #6 (offset: 5120, limit: 1024)
2025-06-12 09:00:30 info: ✅ Request 6 successful - 1024 offers found - Data saved to /Volumes/AVODA/devit/mern/urecharge/offers/scripts/dataJson/offers6.json
2025-06-12 09:00:31 info: Executing request #7 (offset: 6144, limit: 1024)
2025-06-12 09:00:32 info: ✅ Request 7 successful - 1024 offers found - Data saved to /Volumes/AVODA/devit/mern/urecharge/offers/scripts/dataJson/offers7.json
2025-06-12 09:00:33 info: Executing request #8 (offset: 7168, limit: 1024)
2025-06-12 09:00:34 info: ✅ Request 8 successful - 1024 offers found - Data saved to /Volumes/AVODA/devit/mern/urecharge/offers/scripts/dataJson/offers8.json
2025-06-12 09:00:35 info: Executing request #9 (offset: 8192, limit: 1024)
2025-06-12 09:00:36 info: ✅ Request 9 successful - 1024 offers found - Data saved to /Volumes/AVODA/devit/mern/urecharge/offers/scripts/dataJson/offers9.json
2025-06-12 09:00:37 info: Executing request #10 (offset: 9216, limit: 1024)
2025-06-12 09:00:37 info: ✅ Request 10 successful - 1024 offers found - Data saved to /Volumes/AVODA/devit/mern/urecharge/offers/scripts/dataJson/offers10.json
2025-06-12 09:00:38 info: Executing request #11 (offset: 10240, limit: 1024)
2025-06-12 09:00:39 info: ✅ Request 11 successful - 1024 offers found - Data saved to /Volumes/AVODA/devit/mern/urecharge/offers/scripts/dataJson/offers11.json
2025-06-12 09:00:40 info: Executing request #12 (offset: 11264, limit: 1024)
2025-06-12 09:00:41 info: ✅ Request 12 successful - 1024 offers found - Data saved to /Volumes/AVODA/devit/mern/urecharge/offers/scripts/dataJson/offers12.json
2025-06-12 09:00:42 info: Executing request #13 (offset: 12288, limit: 1024)
2025-06-12 09:00:43 info: ✅ Request 13 successful - 1024 offers found - Data saved to /Volumes/AVODA/devit/mern/urecharge/offers/scripts/dataJson/offers13.json
2025-06-12 09:00:44 info: Executing request #14 (offset: 13312, limit: 1024)
2025-06-12 09:00:44 info: ✅ Request 14 successful - 1024 offers found - Data saved to /Volumes/AVODA/devit/mern/urecharge/offers/scripts/dataJson/offers14.json
2025-06-12 09:00:45 info: Executing request #15 (offset: 14336, limit: 1024)
2025-06-12 09:00:46 info: ✅ Request 15 successful - 1024 offers found - Data saved to /Volumes/AVODA/devit/mern/urecharge/offers/scripts/dataJson/offers15.json
2025-06-12 09:00:47 info: Executing request #16 (offset: 15360, limit: 1024)
2025-06-12 09:00:48 info: ✅ Request 16 successful - 1024 offers found - Data saved to /Volumes/AVODA/devit/mern/urecharge/offers/scripts/dataJson/offers16.json
2025-06-12 09:00:49 info: Executing request #17 (offset: 16384, limit: 1024)
2025-06-12 09:00:50 info: ✅ Request 17 successful - 1024 offers found - Data saved to /Volumes/AVODA/devit/mern/urecharge/offers/scripts/dataJson/offers17.json
2025-06-12 09:00:51 info: Executing request #18 (offset: 17408, limit: 1024)
2025-06-12 09:00:52 info: ✅ Request 18 successful - 1024 offers found - Data saved to /Volumes/AVODA/devit/mern/urecharge/offers/scripts/dataJson/offers18.json
2025-06-12 09:00:53 info: Executing request #19 (offset: 18432, limit: 1024)
2025-06-12 09:00:54 info: ✅ Request 19 successful - 1024 offers found - Data saved to /Volumes/AVODA/devit/mern/urecharge/offers/scripts/dataJson/offers19.json
2025-06-12 09:00:55 info: Executing request #20 (offset: 19456, limit: 1024)
2025-06-12 09:00:56 info: ✅ Request 20 successful - 1024 offers found - Data saved to /Volumes/AVODA/devit/mern/urecharge/offers/scripts/dataJson/offers20.json
2025-06-12 09:00:57 info: Executing request #21 (offset: 20480, limit: 1024)
2025-06-12 09:00:57 info: ✅ Request 21 successful - 905 offers found - Data saved to /Volumes/AVODA/devit/mern/urecharge/offers/scripts/dataJson/offers21.json
2025-06-12 09:00:57 info: Received 905 offers which is less than LIMIT (1024) - All offers fetched!
2025-06-12 09:00:58 info: -------------------------------------
📊 Summary:
Total requests executed: 21
Successful requests: 21
Failed requests: 0
Time taken: 39.474 seconds
-------------------------------------
